#
# A fatal error has been detected by the Java Runtime Environment:
#
#  SIGSEGV (0xb) at pc=0x00007fe590617a6e, pid=7290, tid=140624682313472
#
# JRE version: Java(TM) SE Runtime Environment (7.0_65-b17) (build 1.7.0_65-b17)
# Java VM: Java HotSpot(TM) 64-Bit Server VM (24.65-b04 mixed mode linux-amd64 compressed oops)
# Problematic frame:
# C  [libt2k.so+0x42a6e]  fnt_InnerExecute+0x6e
#
# Failed to write core dump. Core dumps have been disabled. To enable core dumping, try "ulimit -c unlimited" before starting Java again
#
# If you would like to submit a bug report, please visit:
#   http://bugreport.sun.com/bugreport/crash.jsp
# The crash happened outside the Java Virtual Machine in native code.
# See problematic frame for where to report the bug.
#

---------------  T H R E A D  ---------------

Current thread (0x00007fe5b400a000):  JavaThread "main" [_thread_in_native, id=7295, stack(0x00007fe5bc2c6000,0x00007fe5bc3c7000)]

siginfo:si_signo=SIGSEGV: si_errno=0, si_code=1 (SEGV_MAPERR), si_addr=0x000000007a007200

Registers:
RAX=0x00007fe5b4b6cb50, RBX=0x00007fe5bc3c4a00, RCX=0x0000000000000094, RDX=0x000000007a00f400
RSP=0x00007fe5bc3c4960, RBP=0x00007fe5bc3c49a0, RSI=0x000000007a007200, RDI=0x00007fe5bc3c4a00
R8 =0x00007fe5bc3c4b50, R9 =0x00007fe5b4a1e698, R10=0x0000000000010000, R11=0x00007fe590617a00
R12=0x000000007a00f400, R13=0x00007fe590853260, R14=0x000000007a007200, R15=0x00007fe5b4aa4e48
RIP=0x00007fe590617a6e, EFLAGS=0x0000000000010206, CSGSFS=0x0000000000000033, ERR=0x0000000000000004
  TRAPNO=0x000000000000000e

Top of Stack: (sp=0x00007fe5bc3c4960)
0x00007fe5bc3c4960:   000000000000003c 00007fe5b4aa4e5a
0x00007fe5bc3c4970:   00007fe5b4aa4e8a 00007fe5bc3c4a00
0x00007fe5bc3c4980:   00007fe5b4aa4e8a 00007fe590853260
0x00007fe5bc3c4990:   00007fe5b4aa4e48 0000000000000000
0x00007fe5bc3c49a0:   00007fe5bc3c49f0 00007fe590617a89
0x00007fe5bc3c49b0:   00007fe5b400a000 0000000000000000
0x00007fe5bc3c49c0:   0000000000000000 00007fe5b4b6cb50
0x00007fe5bc3c49d0:   00007fe5bc3c4a00 00007fe5b4a1e698
0x00007fe5bc3c49e0:   00007fe5b4aa4e8a 00007fe5b4aa4e48
0x00007fe5bc3c49f0:   00007fe5bc3c4b10 00007fe5906173ee
0x00007fe5bc3c4a00:   00007fe5b4aa5130 00007fe5b4aa5130
0x00007fe5bc3c4a10:   00007fe5b4aa5130 4000000040000000
0x00007fe5bc3c4a20:   0000000000004000 00007fe5b4a1e698
0x00007fe5bc3c4a30:   0000000000000104 00007fe5b4b6cd70
0x00007fe5bc3c4a40:   00007fe5b4b6ce74 00007fe5b4b6cd74
0x00007fe5bc3c4a50:   000000007a007200 000000007a00f400
0x00007fe5bc3c4a60:   000000007a007200 00007fe5bc3c4b50
0x00007fe5bc3c4a70:   00007fe5b4b6cb50 0000000000000000
0x00007fe5bc3c4a80:   0000000000000000 0000000000000000
0x00007fe5bc3c4a90:   0000000000000000 00007fe590617c50
0x00007fe5bc3c4aa0:   00007fe590617040 00007fe590617040
0x00007fe5bc3c4ab0:   00007fe590617a00 00007fe590617c00
0x00007fe5bc3c4ac0:   00007fe590617050 0000000094014000
0x00007fe5bc3c4ad0:   00007fe5bc3c4be0 0000000000000002
0x00007fe5bc3c4ae0:   00007fe5bc3c4b10 00007fe5b4b6ca88
0x00007fe5bc3c4af0:   00007fe5bc3c4cb0 00007fe5b4aa5130
0x00007fe5bc3c4b00:   00007fe5b4b6cb50 00007fe5b4aa4e48
0x00007fe5bc3c4b10:   00007fe5bc3c4b90 00007fe590619869
0x00007fe5bc3c4b20:   0000000000000000 00007fe500000000
0x00007fe5bc3c4b30:   0000000000000001 00007fe5bc3c4be0
0x00007fe5bc3c4b40:   00000000000011a0 004201e5bb8465f0
0x00007fe5bc3c4b50:   00007fe5b4aa50c0 00007fe5b4aa5130 

Instructions: (pc=0x00007fe590617a6e)
0x00007fe590617a4e:   89 73 50 4c 89 63 58 4c 89 73 60 4c 89 f6 4c 8b
0x00007fe590617a5e:   68 28 77 0c eb 2e 0f 1f 40 00 48 3b 73 60 72 24
0x00007fe590617a6e:   0f b6 06 48 89 df 88 83 cb 00 00 00 49 8b 54 c5
0x00007fe590617a7e:   00 48 8d 46 01 48 89 43 50 ff d2 48 8b 73 50 49 

Register to memory mapping:

RAX=0x00007fe5b4b6cb50 is an unknown value
RBX=0x00007fe5bc3c4a00 is pointing into the stack for thread: 0x00007fe5b400a000
RCX=0x0000000000000094 is an unknown value
RDX=0x000000007a00f400 is an unknown value
RSP=0x00007fe5bc3c4960 is pointing into the stack for thread: 0x00007fe5b400a000
RBP=0x00007fe5bc3c49a0 is pointing into the stack for thread: 0x00007fe5b400a000
RSI=0x000000007a007200 is an unknown value
RDI=0x00007fe5bc3c4a00 is pointing into the stack for thread: 0x00007fe5b400a000
R8 =0x00007fe5bc3c4b50 is pointing into the stack for thread: 0x00007fe5b400a000
R9 =0x00007fe5b4a1e698 is an unknown value
R10=0x0000000000010000 is an unknown value
R11=0x00007fe590617a00: <offset 0x42a00> in /usr/lib/jvm/java-7-oracle/jre/lib/amd64/libt2k.so at 0x00007fe5905d5000
R12=0x000000007a00f400 is an unknown value
R13=0x00007fe590853260: <offset 0x27e260> in /usr/lib/jvm/java-7-oracle/jre/lib/amd64/libt2k.so at 0x00007fe5905d5000
R14=0x000000007a007200 is an unknown value
R15=0x00007fe5b4aa4e48 is an unknown value


Stack: [0x00007fe5bc2c6000,0x00007fe5bc3c7000],  sp=0x00007fe5bc3c4960,  free space=1018k
Native frames: (J=compiled Java code, j=interpreted, Vv=VM code, C=native code)
C  [libt2k.so+0x42a6e]  fnt_InnerExecute+0x6e
C  [libt2k.so+0x42a89]  fnt_InnerExecute+0x89
C  [libt2k.so+0x423ee]  fnt_Execute+0x19e
C  [libt2k.so+0x44869]  RunGlyphProgram+0x1a9
C  [libt2k.so+0x43a3c]  TTScalerHintGlyph+0x6cc
C  [libt2k.so+0x2c565]  T2K_RenderGlyphInternal+0x16c5
C  [libt2k.so+0x2c9df]  T2K_RenderGlyph+0x1df
C  [libt2k.so+0x57a23]  Java_sun_font_T2KFontScaler_getGlyphAdvanceNative+0xb3
j  sun.font.T2KFontScaler.getGlyphAdvanceNative(Lsun/font/Font2D;JJI)F+0
j  sun.font.T2KFontScaler.getGlyphAdvance(JI)F+26
j  sun.font.FileFont.getGlyphAdvance(JI)F+6
j  sun.font.FileFontStrike.getGlyphAdvance(IZ)F+288
j  sun.font.FileFontStrike.getGlyphAdvance(I)F+3
j  sun.font.CompositeStrike.getGlyphAdvance(I)F+11
j  sun.font.CompositeStrike.getCodePointAdvance(I)F+12
j  sun.font.FontDesignMetrics.handleCharWidth(I)F+5
j  sun.font.FontDesignMetrics.getLatinCharWidth(C)F+16
j  sun.font.FontDesignMetrics.charWidth(C)I+9
j  net.lodoma.lime.util.TrueTypeFont.getFontImage(C)Ljava/awt/image/BufferedImage;+57
j  net.lodoma.lime.util.TrueTypeFont.createSet([C)V+127
j  net.lodoma.lime.util.TrueTypeFont.<init>(Ljava/awt/Font;Z[C)V+83
j  net.lodoma.lime.util.TrueTypeFont.<init>(Ljava/awt/Font;Z)V+4
j  net.lodoma.lime.gui.Button.create()V+43
j  net.lodoma.lime.gui.GUIContainer.create()V+24
j  net.lodoma.lime.client.start.VisualInstance.loop()V+36
j  net.lodoma.lime.client.start.VisualInstance.run()V+5
j  net.lodoma.lime.client.start.ClientStart.main([Ljava/lang/String;)V+9
v  ~StubRoutines::call_stub
V  [libjvm.so+0x5ffb65]  JavaCalls::call_helper(JavaValue*, methodHandle*, JavaCallArguments*, Thread*)+0x365
V  [libjvm.so+0x5fe5c8]  JavaCalls::call(JavaValue*, methodHandle, JavaCallArguments*, Thread*)+0x28
V  [libjvm.so+0x638309]  jni_invoke_static(JNIEnv_*, JavaValue*, _jobject*, JNICallType, _jmethodID*, JNI_ArgumentPusher*, Thread*)+0x219
V  [libjvm.so+0x640f22]  jni_CallStaticVoidMethod+0x162
C  [libjli.so+0x36d9]  JavaMain+0x7e9

Java frames: (J=compiled Java code, j=interpreted, Vv=VM code)
j  sun.font.T2KFontScaler.getGlyphAdvanceNative(Lsun/font/Font2D;JJI)F+0
j  sun.font.T2KFontScaler.getGlyphAdvance(JI)F+26
j  sun.font.FileFont.getGlyphAdvance(JI)F+6
j  sun.font.FileFontStrike.getGlyphAdvance(IZ)F+288
j  sun.font.FileFontStrike.getGlyphAdvance(I)F+3
j  sun.font.CompositeStrike.getGlyphAdvance(I)F+11
j  sun.font.CompositeStrike.getCodePointAdvance(I)F+12
j  sun.font.FontDesignMetrics.handleCharWidth(I)F+5
j  sun.font.FontDesignMetrics.getLatinCharWidth(C)F+16
j  sun.font.FontDesignMetrics.charWidth(C)I+9
j  net.lodoma.lime.util.TrueTypeFont.getFontImage(C)Ljava/awt/image/BufferedImage;+57
j  net.lodoma.lime.util.TrueTypeFont.createSet([C)V+127
j  net.lodoma.lime.util.TrueTypeFont.<init>(Ljava/awt/Font;Z[C)V+83
j  net.lodoma.lime.util.TrueTypeFont.<init>(Ljava/awt/Font;Z)V+4
j  net.lodoma.lime.gui.Button.create()V+43
j  net.lodoma.lime.gui.GUIContainer.create()V+24
j  net.lodoma.lime.client.start.VisualInstance.loop()V+36
j  net.lodoma.lime.client.start.VisualInstance.run()V+5
j  net.lodoma.lime.client.start.ClientStart.main([Ljava/lang/String;)V+9
v  ~StubRoutines::call_stub

---------------  P R O C E S S  ---------------

Java Threads: ( => current thread )
  0x00007fe5b4164000 JavaThread "process reaper" daemon [_thread_blocked, id=7315, stack(0x00007fe5b0090000,0x00007fe5b00c9000)]
  0x00007fe5b415b000 JavaThread "AWT-XAWT" daemon [_thread_in_native, id=7313, stack(0x00007fe59a95f000,0x00007fe59aa60000)]
  0x00007fe5b413d000 JavaThread "Java2D Disposer" daemon [_thread_blocked, id=7312, stack(0x00007fe5a00e5000,0x00007fe5a01e6000)]
  0x00007fe5b40a0000 JavaThread "Service Thread" daemon [_thread_blocked, id=7310, stack(0x00007fe5a080e000,0x00007fe5a090f000)]
  0x00007fe5b409e000 JavaThread "C2 CompilerThread1" daemon [_thread_in_native, id=7309, stack(0x00007fe5a090f000,0x00007fe5a0a10000)]
  0x00007fe5b409b000 JavaThread "C2 CompilerThread0" daemon [_thread_in_native, id=7308, stack(0x00007fe5a0a10000,0x00007fe5a0b11000)]
  0x00007fe5b4099800 JavaThread "Signal Dispatcher" daemon [_thread_blocked, id=7307, stack(0x00007fe5a0b11000,0x00007fe5a0c12000)]
  0x00007fe5b4079000 JavaThread "Finalizer" daemon [_thread_blocked, id=7306, stack(0x00007fe5a1425000,0x00007fe5a1526000)]
  0x00007fe5b4077000 JavaThread "Reference Handler" daemon [_thread_blocked, id=7305, stack(0x00007fe5a1526000,0x00007fe5a1627000)]
=>0x00007fe5b400a000 JavaThread "main" [_thread_in_native, id=7295, stack(0x00007fe5bc2c6000,0x00007fe5bc3c7000)]

Other Threads:
  0x00007fe5b4072800 VMThread [stack: 0x00007fe5a1627000,0x00007fe5a1728000] [id=7304]
  0x00007fe5b40ab000 WatcherThread [stack: 0x00007fe5a070d000,0x00007fe5a080e000] [id=7311]

VM state:not at safepoint (normal execution)

VM Mutex/Monitor currently owned by a thread: None

Heap
 PSYoungGen      total 18432K, used 8038K [0x00000000ebd00000, 0x00000000ed180000, 0x0000000100000000)
  eden space 15872K, 34% used [0x00000000ebd00000,0x00000000ec25c980,0x00000000ecc80000)
  from space 2560K, 99% used [0x00000000ecc80000,0x00000000ecefd058,0x00000000ecf00000)
  to   space 2560K, 0% used [0x00000000ecf00000,0x00000000ecf00000,0x00000000ed180000)
 ParOldGen       total 40960K, used 3180K [0x00000000c3800000, 0x00000000c6000000, 0x00000000ebd00000)
  object space 40960K, 7% used [0x00000000c3800000,0x00000000c3b1b198,0x00000000c6000000)
 PSPermGen       total 21504K, used 8108K [0x00000000be600000, 0x00000000bfb00000, 0x00000000c3800000)
  object space 21504K, 37% used [0x00000000be600000,0x00000000bedeb270,0x00000000bfb00000)

Card table byte_map: [0x00007fe5b93a3000,0x00007fe5b95b1000] byte_map_base: 0x00007fe5b8db0000

Polling page: 0x00007fe5bc3e1000

Code Cache  [0x00007fe5b1000000, 0x00007fe5b1270000, 0x00007fe5b4000000)
 total_blobs=567 nmethods=79 adapters=442 free_code_cache=48437Kb largest_free_block=49577792

Compilation events (10 events):
Event: 1,637 Thread 0x00007fe5b409b000 nmethod 76 0x00007fe5b10a9650 code [0x00007fe5b10a9780, 0x00007fe5b10a97d8]
Event: 1,637 Thread 0x00007fe5b409b000   77             java.nio.ByteBufferAsCharBufferB::get (16 bytes)
Event: 1,638 Thread 0x00007fe5b409e000 nmethod 75 0x00007fe5b10a92d0 code [0x00007fe5b10a9420, 0x00007fe5b10a9518]
Event: 1,638 Thread 0x00007fe5b409e000   78             java.nio.ByteBufferAsCharBufferB::ix (9 bytes)
Event: 1,638 Thread 0x00007fe5b409e000 nmethod 78 0x00007fe5b10a90d0 code [0x00007fe5b10a9200, 0x00007fe5b10a9258]
Event: 1,640 Thread 0x00007fe5b409b000 nmethod 77 0x00007fe5b10a8c50 code [0x00007fe5b10a8da0, 0x00007fe5b10a8ef8]
Event: 1,681 Thread 0x00007fe5b409e000   79             java.awt.image.SinglePixelPackedSampleModel::<init> (277 bytes)
Event: 1,687 Thread 0x00007fe5b409e000 nmethod 79 0x00007fe5b10ab9d0 code [0x00007fe5b10abb60, 0x00007fe5b10ac0e8]
Event: 1,751 Thread 0x00007fe5b409b000   80             sun.font.CMap$CMapFormat4::<init> (342 bytes)
Event: 1,752 Thread 0x00007fe5b409e000   81   !         sun.font.TrueTypeFont::getTableBuffer (199 bytes)

GC Heap History (2 events):
Event: 1,701 GC heap before
{Heap before GC invocations=1 (full 0):
 PSYoungGen      total 18432K, used 15872K [0x00000000ebd00000, 0x00000000ed180000, 0x0000000100000000)
  eden space 15872K, 100% used [0x00000000ebd00000,0x00000000ecc80000,0x00000000ecc80000)
  from space 2560K, 0% used [0x00000000ecf00000,0x00000000ecf00000,0x00000000ed180000)
  to   space 2560K, 0% used [0x00000000ecc80000,0x00000000ecc80000,0x00000000ecf00000)
 ParOldGen       total 40960K, used 0K [0x00000000c3800000, 0x00000000c6000000, 0x00000000ebd00000)
  object space 40960K, 0% used [0x00000000c3800000,0x00000000c3800000,0x00000000c6000000)
 PSPermGen       total 21504K, used 8102K [0x00000000be600000, 0x00000000bfb00000, 0x00000000c3800000)
  object space 21504K, 37% used [0x00000000be600000,0x00000000bede9be8,0x00000000bfb00000)
Event: 1,707 GC heap after
Heap after GC invocations=1 (full 0):
 PSYoungGen      total 18432K, used 2548K [0x00000000ebd00000, 0x00000000ed180000, 0x0000000100000000)
  eden space 15872K, 0% used [0x00000000ebd00000,0x00000000ebd00000,0x00000000ecc80000)
  from space 2560K, 99% used [0x00000000ecc80000,0x00000000ecefd058,0x00000000ecf00000)
  to   space 2560K, 0% used [0x00000000ecf00000,0x00000000ecf00000,0x00000000ed180000)
 ParOldGen       total 40960K, used 3180K [0x00000000c3800000, 0x00000000c6000000, 0x00000000ebd00000)
  object space 40960K, 7% used [0x00000000c3800000,0x00000000c3b1b198,0x00000000c6000000)
 PSPermGen       total 21504K, used 8102K [0x00000000be600000, 0x00000000bfb00000, 0x00000000c3800000)
  object space 21504K, 37% used [0x00000000be600000,0x00000000bede9be8,0x00000000bfb00000)
}

Deoptimization events (1 events):
Event: 0,563 Thread 0x00007fe5b400a000 Uncommon trap: reason=unloaded action=reinterpret pc=0x00007fe5b1098a20 method=java.lang.CharacterData.of(I)Ljava/lang/CharacterData; @ 96

Internal exceptions (10 events):
Event: 0,340 Thread 0x00007fe5b400a000 Threw 0x00000000ec0e1068 at /HUDSON/workspace/7u-2-build-linux-amd64/jdk7u65/1224/hotspot/src/share/vm/prims/jvm.cpp:1244
Event: 0,348 Thread 0x00007fe5b400a000 Threw 0x00000000ec1039b0 at /HUDSON/workspace/7u-2-build-linux-amd64/jdk7u65/1224/hotspot/src/share/vm/prims/jvm.cpp:1244
Event: 0,351 Thread 0x00007fe5b400a000 Threw 0x00000000ec10ac00 at /HUDSON/workspace/7u-2-build-linux-amd64/jdk7u65/1224/hotspot/src/share/vm/prims/jvm.cpp:1244
Event: 0,402 Thread 0x00007fe5b400a000 Threw 0x00000000ec1b9cb0 at /HUDSON/workspace/7u-2-build-linux-amd64/jdk7u65/1224/hotspot/src/share/vm/prims/jvm.cpp:1244
Event: 0,403 Thread 0x00007fe5b400a000 Threw 0x00000000ec1bd248 at /HUDSON/workspace/7u-2-build-linux-amd64/jdk7u65/1224/hotspot/src/share/vm/prims/jvm.cpp:1244
Event: 0,406 Thread 0x00007fe5b400a000 Threw 0x00000000ec1c05b8 at /HUDSON/workspace/7u-2-build-linux-amd64/jdk7u65/1224/hotspot/src/share/vm/prims/jvm.cpp:1244
Event: 0,407 Thread 0x00007fe5b400a000 Threw 0x00000000ec1c6088 at /HUDSON/workspace/7u-2-build-linux-amd64/jdk7u65/1224/hotspot/src/share/vm/prims/jvm.cpp:1244
Event: 0,408 Thread 0x00007fe5b400a000 Threw 0x00000000ec1c8388 at /HUDSON/workspace/7u-2-build-linux-amd64/jdk7u65/1224/hotspot/src/share/vm/prims/jvm.cpp:1244
Event: 0,408 Thread 0x00007fe5b400a000 Threw 0x00000000ec1ca5f0 at /HUDSON/workspace/7u-2-build-linux-amd64/jdk7u65/1224/hotspot/src/share/vm/prims/jvm.cpp:1244
Event: 0,551 Thread 0x00007fe5b400a000 Threw 0x00000000ec5365f8 at /HUDSON/workspace/7u-2-build-linux-amd64/jdk7u65/1224/hotspot/src/share/vm/prims/jvm.cpp:1244

Events (10 events):
Event: 1,630 loading class 0x00007fe5b4998440
Event: 1,630 loading class 0x00007fe5b4998440 done
Event: 1,630 loading class 0x00007fe570096870
Event: 1,630 loading class 0x00007fe570096870 done
Event: 1,631 loading class 0x00007fe5700a5f80
Event: 1,631 loading class 0x00007fe5700a5f80 done
Event: 1,631 loading class 0x00007fe5700d0ab0
Event: 1,631 loading class 0x00007fe5700d0ab0 done
Event: 1,701 Executing VM operation: ParallelGCFailedAllocation
Event: 1,707 Executing VM operation: ParallelGCFailedAllocation done


Dynamic libraries:
00400000-00401000 r-xp 00000000 08:11 157907                             /usr/lib/jvm/java-7-oracle/bin/java
00600000-00601000 rw-p 00000000 08:11 157907                             /usr/lib/jvm/java-7-oracle/bin/java
01f52000-01f73000 rw-p 00000000 00:00 0                                  [heap]
be600000-bfb00000 rw-p 00000000 00:00 0 
bfb00000-c3800000 rw-p 00000000 00:00 0 
c3800000-c6000000 rw-p 00000000 00:00 0 
c6000000-ebd00000 rw-p 00000000 00:00 0 
ebd00000-ed180000 rw-p 00000000 00:00 0 
ed180000-100000000 rw-p 00000000 00:00 0 
7fe554000000-7fe554021000 rw-p 00000000 00:00 0 
7fe554021000-7fe558000000 ---p 00000000 00:00 0 
7fe558000000-7fe558021000 rw-p 00000000 00:00 0 
7fe558021000-7fe55c000000 ---p 00000000 00:00 0 
7fe55c000000-7fe55c021000 rw-p 00000000 00:00 0 
7fe55c021000-7fe560000000 ---p 00000000 00:00 0 
7fe560000000-7fe560021000 rw-p 00000000 00:00 0 
7fe560021000-7fe564000000 ---p 00000000 00:00 0 
7fe564000000-7fe564576000 rw-p 00000000 00:00 0 
7fe564576000-7fe568000000 ---p 00000000 00:00 0 
7fe568000000-7fe568021000 rw-p 00000000 00:00 0 
7fe568021000-7fe56c000000 ---p 00000000 00:00 0 
7fe56c000000-7fe56c021000 rw-p 00000000 00:00 0 
7fe56c021000-7fe570000000 ---p 00000000 00:00 0 
7fe570000000-7fe570427000 rw-p 00000000 00:00 0 
7fe570427000-7fe574000000 ---p 00000000 00:00 0 
7fe574000000-7fe574021000 rw-p 00000000 00:00 0 
7fe574021000-7fe578000000 ---p 00000000 00:00 0 
7fe578000000-7fe578021000 rw-p 00000000 00:00 0 
7fe578021000-7fe57c000000 ---p 00000000 00:00 0 
7fe57c000000-7fe57c021000 rw-p 00000000 00:00 0 
7fe57c021000-7fe580000000 ---p 00000000 00:00 0 
7fe580000000-7fe580021000 rw-p 00000000 00:00 0 
7fe580021000-7fe584000000 ---p 00000000 00:00 0 
7fe584000000-7fe584021000 rw-p 00000000 00:00 0 
7fe584021000-7fe588000000 ---p 00000000 00:00 0 
7fe58c000000-7fe58c021000 rw-p 00000000 00:00 0 
7fe58c021000-7fe590000000 ---p 00000000 00:00 0 
7fe59039e000-7fe5903c8000 r-xp 00000000 08:11 170726                     /usr/lib/jvm/java-7-oracle/jre/lib/amd64/libdcpr.so
7fe5903c8000-7fe5905c8000 ---p 0002a000 08:11 170726                     /usr/lib/jvm/java-7-oracle/jre/lib/amd64/libdcpr.so
7fe5905c8000-7fe5905cb000 rw-p 0002a000 08:11 170726                     /usr/lib/jvm/java-7-oracle/jre/lib/amd64/libdcpr.so
7fe5905cb000-7fe5905d5000 r--s 00251000 08:11 162959                     /usr/lib/jvm/java-7-oracle/jre/lib/resources.jar
7fe5905d5000-7fe59063e000 r-xp 00000000 08:11 170694                     /usr/lib/jvm/java-7-oracle/jre/lib/amd64/libt2k.so
7fe59063e000-7fe59083d000 ---p 00069000 08:11 170694                     /usr/lib/jvm/java-7-oracle/jre/lib/amd64/libt2k.so
7fe59083d000-7fe590844000 rw-p 00068000 08:11 170694                     /usr/lib/jvm/java-7-oracle/jre/lib/amd64/libt2k.so
7fe590844000-7fe590854000 rw-p 00000000 00:00 0 
7fe5908e2000-7fe590a4e000 rw-p 00000000 00:00 0 
7fe590a4e000-7fe590a5e000 r-xp 00000000 08:11 170676                     /usr/lib/jvm/java-7-oracle/jre/lib/amd64/libnio.so
7fe590a5e000-7fe590c5e000 ---p 00010000 08:11 170676                     /usr/lib/jvm/java-7-oracle/jre/lib/amd64/libnio.so
7fe590c5e000-7fe590c5f000 rw-p 00010000 08:11 170676                     /usr/lib/jvm/java-7-oracle/jre/lib/amd64/libnio.so
7fe590c5f000-7fe590c75000 r-xp 00000000 08:11 170727                     /usr/lib/jvm/java-7-oracle/jre/lib/amd64/libnet.so
7fe590c75000-7fe590e75000 ---p 00016000 08:11 170727                     /usr/lib/jvm/java-7-oracle/jre/lib/amd64/libnet.so
7fe590e75000-7fe590e76000 rw-p 00016000 08:11 170727                     /usr/lib/jvm/java-7-oracle/jre/lib/amd64/libnet.so
7fe590e76000-7fe590edb000 r-xp 00000000 08:11 170706                     /usr/lib/jvm/java-7-oracle/jre/lib/amd64/libfontmanager.so
7fe590edb000-7fe5910da000 ---p 00065000 08:11 170706                     /usr/lib/jvm/java-7-oracle/jre/lib/amd64/libfontmanager.so
7fe5910da000-7fe5910de000 rw-p 00064000 08:11 170706                     /usr/lib/jvm/java-7-oracle/jre/lib/amd64/libfontmanager.so
7fe5910de000-7fe59228d000 rw-p 00000000 00:00 0 
7fe59228d000-7fe5922c4000 r-xp 00000000 08:11 661114                     /usr/lib/x86_64-linux-gnu/libtxc_dxtn_s2tc.so.0.0.0
7fe5922c4000-7fe5924c3000 ---p 00037000 08:11 661114                     /usr/lib/x86_64-linux-gnu/libtxc_dxtn_s2tc.so.0.0.0
7fe5924c3000-7fe5924c4000 r--p 00036000 08:11 661114                     /usr/lib/x86_64-linux-gnu/libtxc_dxtn_s2tc.so.0.0.0
7fe5924c4000-7fe5924c5000 rw-p 00037000 08:11 661114                     /usr/lib/x86_64-linux-gnu/libtxc_dxtn_s2tc.so.0.0.0
7fe5924c5000-7fe5924dd000 r-xp 00000000 08:11 527083                     /lib/x86_64-linux-gnu/libz.so.1.2.8
7fe5924dd000-7fe5926dc000 ---p 00018000 08:11 527083                     /lib/x86_64-linux-gnu/libz.so.1.2.8
7fe5926dc000-7fe5926dd000 r--p 00017000 08:11 527083                     /lib/x86_64-linux-gnu/libz.so.1.2.8
7fe5926dd000-7fe5926de000 rw-p 00018000 08:11 527083                     /lib/x86_64-linux-gnu/libz.so.1.2.8
7fe5926de000-7fe5926e6000 r-xp 00000000 08:11 660917                     /usr/lib/x86_64-linux-gnu/libpciaccess.so.0.11.1
7fe5926e6000-7fe5928e5000 ---p 00008000 08:11 660917                     /usr/lib/x86_64-linux-gnu/libpciaccess.so.0.11.1
7fe5928e5000-7fe5928e6000 r--p 00007000 08:11 660917                     /usr/lib/x86_64-linux-gnu/libpciaccess.so.0.11.1
7fe5928e6000-7fe5928e7000 rw-p 00008000 08:11 660917                     /usr/lib/x86_64-linux-gnu/libpciaccess.so.0.11.1
7fe5928e7000-7fe5928fd000 r-xp 00000000 08:11 526947                     /lib/x86_64-linux-gnu/libgcc_s.so.1
7fe5928fd000-7fe592afc000 ---p 00016000 08:11 526947                     /lib/x86_64-linux-gnu/libgcc_s.so.1
7fe592afc000-7fe592afd000 rw-p 00015000 08:11 526947                     /lib/x86_64-linux-gnu/libgcc_s.so.1
7fe592afd000-7fe592be3000 r-xp 00000000 08:11 661072                     /usr/lib/x86_64-linux-gnu/libstdc++.so.6.0.19
7fe592be3000-7fe592de2000 ---p 000e6000 08:11 661072                     /usr/lib/x86_64-linux-gnu/libstdc++.so.6.0.19
7fe592de2000-7fe592dea000 r--p 000e5000 08:11 661072                     /usr/lib/x86_64-linux-gnu/libstdc++.so.6.0.19
7fe592dea000-7fe592dec000 rw-p 000ed000 08:11 661072                     /usr/lib/x86_64-linux-gnu/libstdc++.so.6.0.19
7fe592dec000-7fe592e01000 rw-p 00000000 00:00 0 
7fe592e01000-7fe592e28000 r-xp 00000000 08:11 526942                     /lib/x86_64-linux-gnu/libexpat.so.1.6.0
7fe592e28000-7fe593028000 ---p 00027000 08:11 526942                     /lib/x86_64-linux-gnu/libexpat.so.1.6.0
7fe593028000-7fe59302a000 r--p 00027000 08:11 526942                     /lib/x86_64-linux-gnu/libexpat.so.1.6.0
7fe59302a000-7fe59302b000 rw-p 00029000 08:11 526942                     /lib/x86_64-linux-gnu/libexpat.so.1.6.0
7fe59302b000-7fe593037000 r-xp 00000000 08:11 660414                     /usr/lib/x86_64-linux-gnu/libdrm_radeon.so.1.0.1
7fe593037000-7fe593236000 ---p 0000c000 08:11 660414                     /usr/lib/x86_64-linux-gnu/libdrm_radeon.so.1.0.1
7fe593236000-7fe593237000 r--p 0000b000 08:11 660414                     /usr/lib/x86_64-linux-gnu/libdrm_radeon.so.1.0.1
7fe593237000-7fe593238000 rw-p 0000c000 08:11 660414                     /usr/lib/x86_64-linux-gnu/libdrm_radeon.so.1.0.1
7fe593238000-7fe59323d000 r-xp 00000000 08:11 660412                     /usr/lib/x86_64-linux-gnu/libdrm_nouveau.so.2.0.0
7fe59323d000-7fe59343c000 ---p 00005000 08:11 660412                     /usr/lib/x86_64-linux-gnu/libdrm_nouveau.so.2.0.0
7fe59343c000-7fe59343d000 r--p 00004000 08:11 660412                     /usr/lib/x86_64-linux-gnu/libdrm_nouveau.so.2.0.0
7fe59343d000-7fe59343e000 rw-p 00005000 08:11 660412                     /usr/lib/x86_64-linux-gnu/libdrm_nouveau.so.2.0.0
7fe59343e000-7fe59345d000 r-xp 00000000 08:11 660410                     /usr/lib/x86_64-linux-gnu/libdrm_intel.so.1.0.0
7fe59345d000-7fe59365c000 ---p 0001f000 08:11 660410                     /usr/lib/x86_64-linux-gnu/libdrm_intel.so.1.0.0
7fe59365c000-7fe59365d000 r--p 0001e000 08:11 660410                     /usr/lib/x86_64-linux-gnu/libdrm_intel.so.1.0.0
7fe59365d000-7fe59365e000 rw-p 0001f000 08:11 660410                     /usr/lib/x86_64-linux-gnu/libdrm_intel.so.1.0.0
7fe59365e000-7fe593b4d000 r-xp 00000000 08:11 16202                      /usr/lib/x86_64-linux-gnu/dri/i965_dri.so
7fe593b4d000-7fe593d4c000 ---p 004ef000 08:11 16202                      /usr/lib/x86_64-linux-gnu/dri/i965_dri.so
7fe593d4c000-7fe593d63000 r--p 004ee000 08:11 16202                      /usr/lib/x86_64-linux-gnu/dri/i965_dri.so
7fe593d63000-7fe593d6f000 rw-p 00505000 08:11 16202                      /usr/lib/x86_64-linux-gnu/dri/i965_dri.so
7fe593d6f000-7fe593dbb000 rw-p 00000000 00:00 0 
7fe593dbb000-7fe593dff000 r-xp 00000000 08:11 549561                     /lib/x86_64-linux-gnu/libdbus-1.so.3.7.6
7fe593dff000-7fe593ffe000 ---p 00044000 08:11 549561                     /lib/x86_64-linux-gnu/libdbus-1.so.3.7.6
7fe593ffe000-7fe593fff000 r--p 00043000 08:11 549561                     /lib/x86_64-linux-gnu/libdbus-1.so.3.7.6
7fe593fff000-7fe594000000 rw-p 00044000 08:11 549561                     /lib/x86_64-linux-gnu/libdbus-1.so.3.7.6
7fe594000000-7fe594021000 rw-p 00000000 00:00 0 
7fe594021000-7fe598000000 ---p 00000000 00:00 0 
7fe598060000-7fe59813b000 rw-p 00000000 00:00 0 
7fe59813b000-7fe59813c000 r--s 00000000 08:11 274893                     /var/cache/fontconfig/c05880de57d1f5e948fdfacc138775d9-le64.cache-4
7fe59813c000-7fe598147000 r--s 00000000 08:11 274891                     /var/cache/fontconfig/945677eb7aeaf62f1d50efc3fb3ec7d8-le64.cache-4
7fe598147000-7fe59814d000 r--s 00000000 08:11 274887                     /var/cache/fontconfig/2cd17615ca594fa2959ae173292e504c-le64.cache-4
7fe59814d000-7fe59814e000 r--s 00000000 08:11 274885                     /var/cache/fontconfig/e7071f4a29fa870f4323321c154eba04-le64.cache-4
7fe59814e000-7fe59814f000 r--s 00000000 08:11 274883                     /var/cache/fontconfig/0d8c3b2ac0904cb8a57a757ad11a4a08-le64.cache-4
7fe59814f000-7fe598156000 r--s 00000000 08:11 274882                     /var/cache/fontconfig/a755afe4a08bf5b97852ceb7400b47bc-le64.cache-4
7fe598156000-7fe59816a000 r--s 00000000 08:11 274881                     /var/cache/fontconfig/04aabc0a78ac019cf9454389977116d2-le64.cache-4
7fe59816a000-7fe59816e000 r--s 00000000 08:11 274879                     /var/cache/fontconfig/385c0604a188198f04d133e54aba7fe7-le64.cache-4
7fe59816e000-7fe598173000 r--s 00000000 08:11 274330                     /var/cache/fontconfig/8801497958630a81b71ace7c5f9b32a8-le64.cache-4
7fe598173000-7fe59817a000 r--s 00000000 08:11 274329                     /var/cache/fontconfig/3047814df9a2f067bd2d96a2b9c36e5a-le64.cache-4
7fe59817a000-7fe598180000 r--s 00000000 08:11 274326                     /var/cache/fontconfig/b47c4e1ecd0709278f4910c18777a504-le64.cache-4
7fe598180000-7fe598193000 r--s 00000000 08:11 274324                     /var/cache/fontconfig/d52a8644073d54c13679302ca1180695-le64.cache-4
7fe598193000-7fe5981a0000 r--s 00000000 08:11 274307                     /var/cache/fontconfig/e13b20fdb08344e0e664864cc2ede53d-le64.cache-4
7fe5981ca000-7fe5981d2000 r-xp 00000000 08:11 526982                     /lib/x86_64-linux-gnu/libnih-dbus.so.1.0.0
7fe5981d2000-7fe5983d2000 ---p 00008000 08:11 526982                     /lib/x86_64-linux-gnu/libnih-dbus.so.1.0.0
7fe5983d2000-7fe5983d3000 r--p 00008000 08:11 526982                     /lib/x86_64-linux-gnu/libnih-dbus.so.1.0.0
7fe5983d3000-7fe5983d4000 rw-p 00009000 08:11 526982                     /lib/x86_64-linux-gnu/libnih-dbus.so.1.0.0
7fe5983d4000-7fe5983eb000 r-xp 00000000 08:11 526984                     /lib/x86_64-linux-gnu/libnih.so.1.0.0
7fe5983eb000-7fe5985ea000 ---p 00017000 08:11 526984                     /lib/x86_64-linux-gnu/libnih.so.1.0.0
7fe5985ea000-7fe5985eb000 r--p 00016000 08:11 526984                     /lib/x86_64-linux-gnu/libnih.so.1.0.0
7fe5985eb000-7fe5985ec000 rw-p 00017000 08:11 526984                     /lib/x86_64-linux-gnu/libnih.so.1.0.0
7fe5985ec000-7fe598605000 r-xp 00000000 08:11 527849                     /lib/x86_64-linux-gnu/libcgmanager.so.0.0.0
7fe598605000-7fe598804000 ---p 00019000 08:11 527849                     /lib/x86_64-linux-gnu/libcgmanager.so.0.0.0
7fe598804000-7fe598806000 r--p 00018000 08:11 527849                     /lib/x86_64-linux-gnu/libcgmanager.so.0.0.0
7fe598806000-7fe598807000 rw-p 0001a000 08:11 527849                     /lib/x86_64-linux-gnu/libcgmanager.so.0.0.0
7fe598807000-7fe598817000 r-xp 00000000 08:11 522520                     /lib/x86_64-linux-gnu/libudev.so.1.3.5
7fe598817000-7fe598a16000 ---p 00010000 08:11 522520                     /lib/x86_64-linux-gnu/libudev.so.1.3.5
7fe598a16000-7fe598a17000 r--p 0000f000 08:11 522520                     /lib/x86_64-linux-gnu/libudev.so.1.3.5
7fe598a17000-7fe598a18000 rw-p 00010000 08:11 522520                     /lib/x86_64-linux-gnu/libudev.so.1.3.5
7fe598a18000-7fe598a23000 r-xp 00000000 08:11 660408                     /usr/lib/x86_64-linux-gnu/libdrm.so.2.4.0
7fe598a23000-7fe598c22000 ---p 0000b000 08:11 660408                     /usr/lib/x86_64-linux-gnu/libdrm.so.2.4.0
7fe598c22000-7fe598c23000 r--p 0000a000 08:11 660408                     /usr/lib/x86_64-linux-gnu/libdrm.so.2.4.0
7fe598c23000-7fe598c24000 rw-p 0000b000 08:11 660408                     /usr/lib/x86_64-linux-gnu/libdrm.so.2.4.0
7fe598c24000-7fe598c25000 r-xp 00000000 08:11 661242                     /usr/lib/x86_64-linux-gnu/libxshmfence.so.1.0.0
7fe598c25000-7fe598e24000 ---p 00001000 08:11 661242                     /usr/lib/x86_64-linux-gnu/libxshmfence.so.1.0.0
7fe598e24000-7fe598e25000 r--p 00000000 08:11 661242                     /usr/lib/x86_64-linux-gnu/libxshmfence.so.1.0.0
7fe598e25000-7fe598e26000 rw-p 00001000 08:11 661242                     /usr/lib/x86_64-linux-gnu/libxshmfence.so.1.0.0
7fe598e26000-7fe598e2b000 r-xp 00000000 08:11 661226                     /usr/lib/x86_64-linux-gnu/libxcb-sync.so.1.0.0
7fe598e2b000-7fe59902a000 ---p 00005000 08:11 661226                     /usr/lib/x86_64-linux-gnu/libxcb-sync.so.1.0.0
7fe59902a000-7fe59902b000 r--p 00004000 08:11 661226                     /usr/lib/x86_64-linux-gnu/libxcb-sync.so.1.0.0
7fe59902b000-7fe59902c000 rw-p 00005000 08:11 661226                     /usr/lib/x86_64-linux-gnu/libxcb-sync.so.1.0.0
7fe59902c000-7fe59902e000 r-xp 00000000 08:11 661214                     /usr/lib/x86_64-linux-gnu/libxcb-present.so.0.0.0
7fe59902e000-7fe59922d000 ---p 00002000 08:11 661214                     /usr/lib/x86_64-linux-gnu/libxcb-present.so.0.0.0
7fe59922d000-7fe59922e000 r--p 00001000 08:11 661214                     /usr/lib/x86_64-linux-gnu/libxcb-present.so.0.0.0
7fe59922e000-7fe59922f000 rw-p 00002000 08:11 661214                     /usr/lib/x86_64-linux-gnu/libxcb-present.so.0.0.0
7fe59922f000-7fe599231000 r-xp 00000000 08:11 661206                     /usr/lib/x86_64-linux-gnu/libxcb-dri3.so.0.0.0
7fe599231000-7fe599430000 ---p 00002000 08:11 661206                     /usr/lib/x86_64-linux-gnu/libxcb-dri3.so.0.0.0
7fe599430000-7fe599431000 r--p 00001000 08:11 661206                     /usr/lib/x86_64-linux-gnu/libxcb-dri3.so.0.0.0
7fe599431000-7fe599432000 rw-p 00002000 08:11 661206                     /usr/lib/x86_64-linux-gnu/libxcb-dri3.so.0.0.0
7fe599432000-7fe599435000 r-xp 00000000 08:11 661204                     /usr/lib/x86_64-linux-gnu/libxcb-dri2.so.0.0.0
7fe599435000-7fe599635000 ---p 00003000 08:11 661204                     /usr/lib/x86_64-linux-gnu/libxcb-dri2.so.0.0.0
7fe599635000-7fe599636000 r--p 00003000 08:11 661204                     /usr/lib/x86_64-linux-gnu/libxcb-dri2.so.0.0.0
7fe599636000-7fe599637000 rw-p 00004000 08:11 661204                     /usr/lib/x86_64-linux-gnu/libxcb-dri2.so.0.0.0
7fe599637000-7fe59964c000 r-xp 00000000 08:11 661208                     /usr/lib/x86_64-linux-gnu/libxcb-glx.so.0.0.0
7fe59964c000-7fe59984b000 ---p 00015000 08:11 661208                     /usr/lib/x86_64-linux-gnu/libxcb-glx.so.0.0.0
7fe59984b000-7fe59984d000 r--p 00014000 08:11 661208                     /usr/lib/x86_64-linux-gnu/libxcb-glx.so.0.0.0
7fe59984d000-7fe59984e000 rw-p 00016000 08:11 661208                     /usr/lib/x86_64-linux-gnu/libxcb-glx.so.0.0.0
7fe59984e000-7fe59984f000 r-xp 00000000 08:11 660160                     /usr/lib/x86_64-linux-gnu/libX11-xcb.so.1.0.0
7fe59984f000-7fe599a4e000 ---p 00001000 08:11 660160                     /usr/lib/x86_64-linux-gnu/libX11-xcb.so.1.0.0
7fe599a4e000-7fe599a4f000 r--p 00000000 08:11 660160                     /usr/lib/x86_64-linux-gnu/libX11-xcb.so.1.0.0
7fe599a4f000-7fe599a50000 rw-p 00001000 08:11 660160                     /usr/lib/x86_64-linux-gnu/libX11-xcb.so.1.0.0
7fe599a50000-7fe599a52000 r-xp 00000000 08:11 660175                     /usr/lib/x86_64-linux-gnu/libXdamage.so.1.1.0
7fe599a52000-7fe599c51000 ---p 00002000 08:11 660175                     /usr/lib/x86_64-linux-gnu/libXdamage.so.1.1.0
7fe599c51000-7fe599c52000 r--p 00001000 08:11 660175                     /usr/lib/x86_64-linux-gnu/libXdamage.so.1.1.0
7fe599c52000-7fe599c53000 rw-p 00002000 08:11 660175                     /usr/lib/x86_64-linux-gnu/libXdamage.so.1.1.0
7fe599c53000-7fe599c75000 r-xp 00000000 08:11 655409                     /usr/lib/x86_64-linux-gnu/libglapi.so.0.0.0
7fe599c75000-7fe599e75000 ---p 00022000 08:11 655409                     /usr/lib/x86_64-linux-gnu/libglapi.so.0.0.0
7fe599e75000-7fe599e78000 r--p 00022000 08:11 655409                     /usr/lib/x86_64-linux-gnu/libglapi.so.0.0.0
7fe599e78000-7fe599e79000 rw-p 00025000 08:11 655409                     /usr/lib/x86_64-linux-gnu/libglapi.so.0.0.0
7fe599e79000-7fe599e7a000 rw-p 00000000 00:00 0 
7fe599e7a000-7fe599edc000 r-xp 00000000 08:11 2958                       /usr/lib/x86_64-linux-gnu/mesa/libGL.so.1.2.0
7fe599edc000-7fe59a0db000 ---p 00062000 08:11 2958                       /usr/lib/x86_64-linux-gnu/mesa/libGL.so.1.2.0
7fe59a0db000-7fe59a0de000 r--p 00061000 08:11 2958                       /usr/lib/x86_64-linux-gnu/mesa/libGL.so.1.2.0
7fe59a0de000-7fe59a0df000 rw-p 00064000 08:11 2958                       /usr/lib/x86_64-linux-gnu/mesa/libGL.so.1.2.0
7fe59a0df000-7fe59a0e0000 rw-p 00000000 00:00 0 
7fe59a0e0000-7fe59a0e4000 r-xp 00000000 08:11 660217                     /usr/lib/x86_64-linux-gnu/libXxf86vm.so.1.0.0
7fe59a0e4000-7fe59a2e4000 ---p 00004000 08:11 660217                     /usr/lib/x86_64-linux-gnu/libXxf86vm.so.1.0.0
7fe59a2e4000-7fe59a2e5000 r--p 00004000 08:11 660217                     /usr/lib/x86_64-linux-gnu/libXxf86vm.so.1.0.0
7fe59a2e5000-7fe59a2e6000 rw-p 00005000 08:11 660217                     /usr/lib/x86_64-linux-gnu/libXxf86vm.so.1.0.0
7fe59a2e6000-7fe59a2ef000 r-xp 00000000 08:11 660199                     /usr/lib/x86_64-linux-gnu/libXrandr.so.2.2.0
7fe59a2ef000-7fe59a4ee000 ---p 00009000 08:11 660199                     /usr/lib/x86_64-linux-gnu/libXrandr.so.2.2.0
7fe59a4ee000-7fe59a4ef000 r--p 00008000 08:11 660199                     /usr/lib/x86_64-linux-gnu/libXrandr.so.2.2.0
7fe59a4ef000-7fe59a4f0000 rw-p 00009000 08:11 660199                     /usr/lib/x86_64-linux-gnu/libXrandr.so.2.2.0
7fe59a4f0000-7fe59a55c000 r-xp 00000000 08:21 391698                     /media/joritan/Workspace/library/lwjgl-2.9.1/native/linux/liblwjgl64.so
7fe59a55c000-7fe59a75b000 ---p 0006c000 08:21 391698                     /media/joritan/Workspace/library/lwjgl-2.9.1/native/linux/liblwjgl64.so
7fe59a75b000-7fe59a75d000 r--p 0006b000 08:21 391698                     /media/joritan/Workspace/library/lwjgl-2.9.1/native/linux/liblwjgl64.so
7fe59a75d000-7fe59a75e000 rw-p 0006d000 08:21 391698                     /media/joritan/Workspace/library/lwjgl-2.9.1/native/linux/liblwjgl64.so
7fe59a75e000-7fe59a75f000 r-xp 00000000 08:11 170708                     /usr/lib/jvm/java-7-oracle/jre/lib/amd64/libjawt.so
7fe59a75f000-7fe59a95e000 ---p 00001000 08:11 170708                     /usr/lib/jvm/java-7-oracle/jre/lib/amd64/libjawt.so
7fe59a95e000-7fe59a95f000 rw-p 00000000 08:11 170708                     /usr/lib/jvm/java-7-oracle/jre/lib/amd64/libjawt.so
7fe59a95f000-7fe59a962000 ---p 00000000 00:00 0 
7fe59a962000-7fe59aa60000 rw-p 00000000 00:00 0                          [stack:7313]
7fe59aa60000-7fe59aa65000 r-xp 00000000 08:11 660181                     /usr/lib/x86_64-linux-gnu/libXfixes.so.3.1.0
7fe59aa65000-7fe59ac64000 ---p 00005000 08:11 660181                     /usr/lib/x86_64-linux-gnu/libXfixes.so.3.1.0
7fe59ac64000-7fe59ac65000 r--p 00004000 08:11 660181                     /usr/lib/x86_64-linux-gnu/libXfixes.so.3.1.0
7fe59ac65000-7fe59ac66000 rw-p 00005000 08:11 660181                     /usr/lib/x86_64-linux-gnu/libXfixes.so.3.1.0
7fe59ac66000-7fe59ac6f000 r-xp 00000000 08:11 660173                     /usr/lib/x86_64-linux-gnu/libXcursor.so.1.0.2
7fe59ac6f000-7fe59ae6e000 ---p 00009000 08:11 660173                     /usr/lib/x86_64-linux-gnu/libXcursor.so.1.0.2
7fe59ae6e000-7fe59ae6f000 r--p 00008000 08:11 660173                     /usr/lib/x86_64-linux-gnu/libXcursor.so.1.0.2
7fe59ae6f000-7fe59ae70000 rw-p 00009000 08:11 660173                     /usr/lib/x86_64-linux-gnu/libXcursor.so.1.0.2
7fe59ae70000-7fe59ae75000 r-xp 00000000 08:11 660177                     /usr/lib/x86_64-linux-gnu/libXdmcp.so.6.0.0
7fe59ae75000-7fe59b074000 ---p 00005000 08:11 660177                     /usr/lib/x86_64-linux-gnu/libXdmcp.so.6.0.0
7fe59b074000-7fe59b075000 r--p 00004000 08:11 660177                     /usr/lib/x86_64-linux-gnu/libXdmcp.so.6.0.0
7fe59b075000-7fe59b076000 rw-p 00005000 08:11 660177                     /usr/lib/x86_64-linux-gnu/libXdmcp.so.6.0.0
7fe59b076000-7fe59b078000 r-xp 00000000 08:11 660166                     /usr/lib/x86_64-linux-gnu/libXau.so.6.0.0
7fe59b078000-7fe59b278000 ---p 00002000 08:11 660166                     /usr/lib/x86_64-linux-gnu/libXau.so.6.0.0
7fe59b278000-7fe59b279000 r--p 00002000 08:11 660166                     /usr/lib/x86_64-linux-gnu/libXau.so.6.0.0
7fe59b279000-7fe59b27a000 rw-p 00003000 08:11 660166                     /usr/lib/x86_64-linux-gnu/libXau.so.6.0.0
7fe59b27a000-7fe59b297000 r-xp 00000000 08:11 661234                     /usr/lib/x86_64-linux-gnu/libxcb.so.1.1.0
7fe59b297000-7fe59b497000 ---p 0001d000 08:11 661234                     /usr/lib/x86_64-linux-gnu/libxcb.so.1.1.0
7fe59b497000-7fe59b498000 r--p 0001d000 08:11 661234                     /usr/lib/x86_64-linux-gnu/libxcb.so.1.1.0
7fe59b498000-7fe59b499000 rw-p 0001e000 08:11 661234                     /usr/lib/x86_64-linux-gnu/libxcb.so.1.1.0
7fe59b499000-7fe59b4a8000 r-xp 00000000 08:11 660187                     /usr/lib/x86_64-linux-gnu/libXi.so.6.1.0
7fe59b4a8000-7fe59b6a7000 ---p 0000f000 08:11 660187                     /usr/lib/x86_64-linux-gnu/libXi.so.6.1.0
7fe59b6a7000-7fe59b6a8000 r--p 0000e000 08:11 660187                     /usr/lib/x86_64-linux-gnu/libXi.so.6.1.0
7fe59b6a8000-7fe59b6a9000 rw-p 0000f000 08:11 660187                     /usr/lib/x86_64-linux-gnu/libXi.so.6.1.0
7fe59b6a9000-7fe59b6ae000 r-xp 00000000 08:11 660207                     /usr/lib/x86_64-linux-gnu/libXtst.so.6.1.0
7fe59b6ae000-7fe59b8ad000 ---p 00005000 08:11 660207                     /usr/lib/x86_64-linux-gnu/libXtst.so.6.1.0
7fe59b8ad000-7fe59b8ae000 r--p 00004000 08:11 660207                     /usr/lib/x86_64-linux-gnu/libXtst.so.6.1.0
7fe59b8ae000-7fe59b8af000 rw-p 00005000 08:11 660207                     /usr/lib/x86_64-linux-gnu/libXtst.so.6.1.0
7fe59b8af000-7fe59b8b8000 r-xp 00000000 08:11 660201                     /usr/lib/x86_64-linux-gnu/libXrender.so.1.3.0
7fe59b8b8000-7fe59bab7000 ---p 00009000 08:11 660201                     /usr/lib/x86_64-linux-gnu/libXrender.so.1.3.0
7fe59bab7000-7fe59bab8000 r--p 00008000 08:11 660201                     /usr/lib/x86_64-linux-gnu/libXrender.so.1.3.0
7fe59bab8000-7fe59bab9000 rw-p 00009000 08:11 660201                     /usr/lib/x86_64-linux-gnu/libXrender.so.1.3.0
7fe59bab9000-7fe59bbe9000 r-xp 00000000 08:11 660162                     /usr/lib/x86_64-linux-gnu/libX11.so.6.3.0
7fe59bbe9000-7fe59bde9000 ---p 00130000 08:11 660162                     /usr/lib/x86_64-linux-gnu/libX11.so.6.3.0
7fe59bde9000-7fe59bdea000 r--p 00130000 08:11 660162                     /usr/lib/x86_64-linux-gnu/libX11.so.6.3.0
7fe59bdea000-7fe59bdee000 rw-p 00131000 08:11 660162                     /usr/lib/x86_64-linux-gnu/libX11.so.6.3.0
7fe59bdee000-7fe59bdff000 r-xp 00000000 08:11 660179                     /usr/lib/x86_64-linux-gnu/libXext.so.6.4.0
7fe59bdff000-7fe59bffe000 ---p 00011000 08:11 660179                     /usr/lib/x86_64-linux-gnu/libXext.so.6.4.0
7fe59bffe000-7fe59bfff000 r--p 00010000 08:11 660179                     /usr/lib/x86_64-linux-gnu/libXext.so.6.4.0
7fe59bfff000-7fe59c000000 rw-p 00011000 08:11 660179                     /usr/lib/x86_64-linux-gnu/libXext.so.6.4.0
7fe59c000000-7fe59c021000 rw-p 00000000 00:00 0 
7fe59c021000-7fe5a0000000 ---p 00000000 00:00 0 
7fe5a0000000-7fe5a0001000 r--s 00000000 08:11 274880                     /var/cache/fontconfig/1ac9eb803944fde146138c791f5cc56a-le64.cache-4
7fe5a0001000-7fe5a0009000 r--s 00000000 08:11 274323                     /var/cache/fontconfig/3f7329c5293ffd510edef78f73874cfd-le64.cache-4
7fe5a001a000-7fe5a008e000 rw-p 00000000 00:00 0 
7fe5a008e000-7fe5a008f000 r--s 00000000 08:11 274878                     /var/cache/fontconfig/dc05db6664285cc2f12bf69c139ae4c3-le64.cache-4
7fe5a008f000-7fe5a0093000 r--s 00000000 08:11 274322                     /var/cache/fontconfig/d589a48862398ed80a3d6066f4f56f4c-le64.cache-4
7fe5a00e5000-7fe5a00e8000 ---p 00000000 00:00 0 
7fe5a00e8000-7fe5a01e6000 rw-p 00000000 00:00 0                          [stack:7312]
7fe5a01e6000-7fe5a0236000 r-xp 00000000 08:11 170751                     /usr/lib/jvm/java-7-oracle/jre/lib/amd64/xawt/libmawt.so
7fe5a0236000-7fe5a0436000 ---p 00050000 08:11 170751                     /usr/lib/jvm/java-7-oracle/jre/lib/amd64/xawt/libmawt.so
7fe5a0436000-7fe5a043a000 rw-p 00050000 08:11 170751                     /usr/lib/jvm/java-7-oracle/jre/lib/amd64/xawt/libmawt.so
7fe5a043a000-7fe5a043b000 rw-p 00000000 00:00 0 
7fe5a043b000-7fe5a04dd000 r-xp 00000000 08:11 170690                     /usr/lib/jvm/java-7-oracle/jre/lib/amd64/libawt.so
7fe5a04dd000-7fe5a06dd000 ---p 000a2000 08:11 170690                     /usr/lib/jvm/java-7-oracle/jre/lib/amd64/libawt.so
7fe5a06dd000-7fe5a06e9000 rw-p 000a2000 08:11 170690                     /usr/lib/jvm/java-7-oracle/jre/lib/amd64/libawt.so
7fe5a06e9000-7fe5a070d000 rw-p 00000000 00:00 0 
7fe5a070d000-7fe5a070e000 ---p 00000000 00:00 0 
7fe5a070e000-7fe5a080e000 rw-p 00000000 00:00 0                          [stack:7311]
7fe5a080e000-7fe5a0811000 ---p 00000000 00:00 0 
7fe5a0811000-7fe5a090f000 rw-p 00000000 00:00 0                          [stack:7310]
7fe5a090f000-7fe5a0912000 ---p 00000000 00:00 0 
7fe5a0912000-7fe5a0a10000 rw-p 00000000 00:00 0                          [stack:7309]
7fe5a0a10000-7fe5a0a13000 ---p 00000000 00:00 0 
7fe5a0a13000-7fe5a0b11000 rw-p 00000000 00:00 0                          [stack:7308]
7fe5a0b11000-7fe5a0b14000 ---p 00000000 00:00 0 
7fe5a0b14000-7fe5a0c12000 rw-p 00000000 00:00 0                          [stack:7307]
7fe5a0c12000-7fe5a1425000 r--p 00000000 08:11 657838                     /usr/lib/locale/locale-archive
7fe5a1425000-7fe5a1428000 ---p 00000000 00:00 0 
7fe5a1428000-7fe5a1526000 rw-p 00000000 00:00 0                          [stack:7306]
7fe5a1526000-7fe5a1529000 ---p 00000000 00:00 0 
7fe5a1529000-7fe5a1627000 rw-p 00000000 00:00 0                          [stack:7305]
7fe5a1627000-7fe5a1628000 ---p 00000000 00:00 0 
7fe5a1628000-7fe5a4000000 rw-p 00000000 00:00 0                          [stack:7304]
7fe5a4000000-7fe5a4021000 rw-p 00000000 00:00 0 
7fe5a4021000-7fe5a8000000 ---p 00000000 00:00 0 
7fe5a8000000-7fe5a8021000 rw-p 00000000 00:00 0 
7fe5a8021000-7fe5ac000000 ---p 00000000 00:00 0 
7fe5ac000000-7fe5ac021000 rw-p 00000000 00:00 0 
7fe5ac021000-7fe5b0000000 ---p 00000000 00:00 0 
7fe5b0000000-7fe5b0002000 r--s 00000000 08:11 274332                     /var/cache/fontconfig/767a8244fc0220cfb567a839d0392e0b-le64.cache-4
7fe5b0002000-7fe5b0003000 r--s 00000000 08:11 288149                     /var/cache/fontconfig/4794a0821666d79190d59a36cb4f44b5-le64.cache-4
7fe5b0003000-7fe5b0007000 r--s 00000000 08:11 274320                     /var/cache/fontconfig/7ef2298fde41cc6eeb7af42e48b7d293-le64.cache-4
7fe5b0085000-7fe5b0088000 rw-p 00000000 00:00 0 
7fe5b0088000-7fe5b0090000 rw-s 00000000 00:04 129085                     /drm mm object (deleted)
7fe5b0090000-7fe5b0093000 ---p 00000000 00:00 0 
7fe5b0093000-7fe5b1000000 rw-p 00000000 00:00 0                          [stack:7315]
7fe5b1000000-7fe5b1270000 rwxp 00000000 00:00 0 
7fe5b1270000-7fe5b4b90000 rw-p 00000000 00:00 0 
7fe5b4b90000-7fe5b8000000 ---p 00000000 00:00 0 
7fe5b8000000-7fe5b8001000 r--s 00000000 08:11 274328                     /var/cache/fontconfig/56cf4f4769d0f4abc89a4895d7bd3ae1-le64.cache-4
7fe5b8001000-7fe5b8002000 r--s 00000000 08:11 274327                     /var/cache/fontconfig/b9d506c9ac06c20b433354fa67a72993-le64.cache-4
7fe5b8002000-7fe5b8003000 r--s 00000000 08:11 274321                     /var/cache/fontconfig/0c9eb80ebd1c36541ebe2852d3bb0c49-le64.cache-4
7fe5b8003000-7fe5b8004000 rwxp 00000000 00:00 0 
7fe5b8004000-7fe5b800c000 rw-s 00000000 00:04 129084                     /drm mm object (deleted)
7fe5b800c000-7fe5b801a000 r--s 000ea000 08:21 391684                     /media/joritan/Workspace/library/lwjgl-2.9.1/jar/lwjgl.jar
7fe5b801a000-7fe5b856a000 rw-p 00000000 00:00 0 
7fe5b856a000-7fe5b8729000 r--s 039e5000 08:11 157952                     /usr/lib/jvm/java-7-oracle/jre/lib/rt.jar
7fe5b8729000-7fe5b8a2f000 rw-p 00000000 00:00 0 
7fe5b8a2f000-7fe5b8a30000 ---p 00000000 00:00 0 
7fe5b8a30000-7fe5b8b30000 rw-p 00000000 00:00 0                          [stack:7303]
7fe5b8b30000-7fe5b8b31000 ---p 00000000 00:00 0 
7fe5b8b31000-7fe5b8c31000 rw-p 00000000 00:00 0                          [stack:7302]
7fe5b8c31000-7fe5b8c32000 ---p 00000000 00:00 0 
7fe5b8c32000-7fe5b8d32000 rw-p 00000000 00:00 0                          [stack:7301]
7fe5b8d32000-7fe5b8d33000 ---p 00000000 00:00 0 
7fe5b8d33000-7fe5b8e33000 rw-p 00000000 00:00 0                          [stack:7300]
7fe5b8e33000-7fe5b8e34000 ---p 00000000 00:00 0 
7fe5b8e34000-7fe5b8f34000 rw-p 00000000 00:00 0                          [stack:7299]
7fe5b8f34000-7fe5b8f35000 ---p 00000000 00:00 0 
7fe5b8f35000-7fe5b9035000 rw-p 00000000 00:00 0                          [stack:7298]
7fe5b9035000-7fe5b9036000 ---p 00000000 00:00 0 
7fe5b9036000-7fe5b9136000 rw-p 00000000 00:00 0                          [stack:7297]
7fe5b9136000-7fe5b9137000 ---p 00000000 00:00 0 
7fe5b9137000-7fe5b9242000 rw-p 00000000 00:00 0                          [stack:7296]
7fe5b9242000-7fe5b9260000 rw-p 00000000 00:00 0 
7fe5b9260000-7fe5b9274000 rw-p 00000000 00:00 0 
7fe5b9274000-7fe5b93a3000 rw-p 00000000 00:00 0 
7fe5b93a3000-7fe5b93ae000 rw-p 00000000 00:00 0 
7fe5b93ae000-7fe5b93cc000 rw-p 00000000 00:00 0 
7fe5b93cc000-7fe5b93e0000 rw-p 00000000 00:00 0 
7fe5b93e0000-7fe5b950e000 rw-p 00000000 00:00 0 
7fe5b950e000-7fe5b9519000 rw-p 00000000 00:00 0 
7fe5b9519000-7fe5b95b0000 rw-p 00000000 00:00 0 
7fe5b95b0000-7fe5b95b1000 rw-p 00000000 00:00 0 
7fe5b95b1000-7fe5b95cb000 r-xp 00000000 08:11 170668                     /usr/lib/jvm/java-7-oracle/jre/lib/amd64/libzip.so
7fe5b95cb000-7fe5b97cb000 ---p 0001a000 08:11 170668                     /usr/lib/jvm/java-7-oracle/jre/lib/amd64/libzip.so
7fe5b97cb000-7fe5b97cc000 rw-p 0001a000 08:11 170668                     /usr/lib/jvm/java-7-oracle/jre/lib/amd64/libzip.so
7fe5b97cc000-7fe5b97d7000 r-xp 00000000 08:11 526995                     /lib/x86_64-linux-gnu/libnss_files-2.19.so
7fe5b97d7000-7fe5b99d6000 ---p 0000b000 08:11 526995                     /lib/x86_64-linux-gnu/libnss_files-2.19.so
7fe5b99d6000-7fe5b99d7000 r--p 0000a000 08:11 526995                     /lib/x86_64-linux-gnu/libnss_files-2.19.so
7fe5b99d7000-7fe5b99d8000 rw-p 0000b000 08:11 526995                     /lib/x86_64-linux-gnu/libnss_files-2.19.so
7fe5b99d8000-7fe5b99e3000 r-xp 00000000 08:11 527005                     /lib/x86_64-linux-gnu/libnss_nis-2.19.so
7fe5b99e3000-7fe5b9be2000 ---p 0000b000 08:11 527005                     /lib/x86_64-linux-gnu/libnss_nis-2.19.so
7fe5b9be2000-7fe5b9be3000 r--p 0000a000 08:11 527005                     /lib/x86_64-linux-gnu/libnss_nis-2.19.so
7fe5b9be3000-7fe5b9be4000 rw-p 0000b000 08:11 527005                     /lib/x86_64-linux-gnu/libnss_nis-2.19.so
7fe5b9be4000-7fe5b9bfb000 r-xp 00000000 08:11 526989                     /lib/x86_64-linux-gnu/libnsl-2.19.so
7fe5b9bfb000-7fe5b9dfa000 ---p 00017000 08:11 526989                     /lib/x86_64-linux-gnu/libnsl-2.19.so
7fe5b9dfa000-7fe5b9dfb000 r--p 00016000 08:11 526989                     /lib/x86_64-linux-gnu/libnsl-2.19.so
7fe5b9dfb000-7fe5b9dfc000 rw-p 00017000 08:11 526989                     /lib/x86_64-linux-gnu/libnsl-2.19.so
7fe5b9dfc000-7fe5b9dfe000 rw-p 00000000 00:00 0 
7fe5b9dfe000-7fe5b9e07000 r-xp 00000000 08:11 526991                     /lib/x86_64-linux-gnu/libnss_compat-2.19.so
7fe5b9e07000-7fe5ba006000 ---p 00009000 08:11 526991                     /lib/x86_64-linux-gnu/libnss_compat-2.19.so
7fe5ba006000-7fe5ba007000 r--p 00008000 08:11 526991                     /lib/x86_64-linux-gnu/libnss_compat-2.19.so
7fe5ba007000-7fe5ba008000 rw-p 00009000 08:11 526991                     /lib/x86_64-linux-gnu/libnss_compat-2.19.so
7fe5ba008000-7fe5ba031000 r-xp 00000000 08:11 170688                     /usr/lib/jvm/java-7-oracle/jre/lib/amd64/libjava.so
7fe5ba031000-7fe5ba231000 ---p 00029000 08:11 170688                     /usr/lib/jvm/java-7-oracle/jre/lib/amd64/libjava.so
7fe5ba231000-7fe5ba233000 rw-p 00029000 08:11 170688                     /usr/lib/jvm/java-7-oracle/jre/lib/amd64/libjava.so
7fe5ba233000-7fe5ba240000 r-xp 00000000 08:11 170735                     /usr/lib/jvm/java-7-oracle/jre/lib/amd64/libverify.so
7fe5ba240000-7fe5ba43f000 ---p 0000d000 08:11 170735                     /usr/lib/jvm/java-7-oracle/jre/lib/amd64/libverify.so
7fe5ba43f000-7fe5ba441000 rw-p 0000c000 08:11 170735                     /usr/lib/jvm/java-7-oracle/jre/lib/amd64/libverify.so
7fe5ba441000-7fe5ba448000 r-xp 00000000 08:11 527048                     /lib/x86_64-linux-gnu/librt-2.19.so
7fe5ba448000-7fe5ba647000 ---p 00007000 08:11 527048                     /lib/x86_64-linux-gnu/librt-2.19.so
7fe5ba647000-7fe5ba648000 r--p 00006000 08:11 527048                     /lib/x86_64-linux-gnu/librt-2.19.so
7fe5ba648000-7fe5ba649000 rw-p 00007000 08:11 527048                     /lib/x86_64-linux-gnu/librt-2.19.so
7fe5ba649000-7fe5ba74e000 r-xp 00000000 08:11 526970                     /lib/x86_64-linux-gnu/libm-2.19.so
7fe5ba74e000-7fe5ba94d000 ---p 00105000 08:11 526970                     /lib/x86_64-linux-gnu/libm-2.19.so
7fe5ba94d000-7fe5ba94e000 r--p 00104000 08:11 526970                     /lib/x86_64-linux-gnu/libm-2.19.so
7fe5ba94e000-7fe5ba94f000 rw-p 00105000 08:11 526970                     /lib/x86_64-linux-gnu/libm-2.19.so
7fe5ba94f000-7fe5bb4bf000 r-xp 00000000 08:11 170718                     /usr/lib/jvm/java-7-oracle/jre/lib/amd64/server/libjvm.so
7fe5bb4bf000-7fe5bb6be000 ---p 00b70000 08:11 170718                     /usr/lib/jvm/java-7-oracle/jre/lib/amd64/server/libjvm.so
7fe5bb6be000-7fe5bb783000 rw-p 00b6f000 08:11 170718                     /usr/lib/jvm/java-7-oracle/jre/lib/amd64/server/libjvm.so
7fe5bb783000-7fe5bb7c3000 rw-p 00000000 00:00 0 
7fe5bb7c3000-7fe5bb97f000 r-xp 00000000 08:11 526920                     /lib/x86_64-linux-gnu/libc-2.19.so
7fe5bb97f000-7fe5bbb7e000 ---p 001bc000 08:11 526920                     /lib/x86_64-linux-gnu/libc-2.19.so
7fe5bbb7e000-7fe5bbb82000 r--p 001bb000 08:11 526920                     /lib/x86_64-linux-gnu/libc-2.19.so
7fe5bbb82000-7fe5bbb84000 rw-p 001bf000 08:11 526920                     /lib/x86_64-linux-gnu/libc-2.19.so
7fe5bbb84000-7fe5bbb89000 rw-p 00000000 00:00 0 
7fe5bbb89000-7fe5bbb8c000 r-xp 00000000 08:11 526937                     /lib/x86_64-linux-gnu/libdl-2.19.so
7fe5bbb8c000-7fe5bbd8b000 ---p 00003000 08:11 526937                     /lib/x86_64-linux-gnu/libdl-2.19.so
7fe5bbd8b000-7fe5bbd8c000 r--p 00002000 08:11 526937                     /lib/x86_64-linux-gnu/libdl-2.19.so
7fe5bbd8c000-7fe5bbd8d000 rw-p 00003000 08:11 526937                     /lib/x86_64-linux-gnu/libdl-2.19.so
7fe5bbd8d000-7fe5bbda3000 r-xp 00000000 08:11 542303                     /usr/lib/jvm/java-7-oracle/lib/amd64/jli/libjli.so
7fe5bbda3000-7fe5bbfa3000 ---p 00016000 08:11 542303                     /usr/lib/jvm/java-7-oracle/lib/amd64/jli/libjli.so
7fe5bbfa3000-7fe5bbfa4000 rw-p 00016000 08:11 542303                     /usr/lib/jvm/java-7-oracle/lib/amd64/jli/libjli.so
7fe5bbfa4000-7fe5bbfbd000 r-xp 00000000 08:11 527040                     /lib/x86_64-linux-gnu/libpthread-2.19.so
7fe5bbfbd000-7fe5bc1bc000 ---p 00019000 08:11 527040                     /lib/x86_64-linux-gnu/libpthread-2.19.so
7fe5bc1bc000-7fe5bc1bd000 r--p 00018000 08:11 527040                     /lib/x86_64-linux-gnu/libpthread-2.19.so
7fe5bc1bd000-7fe5bc1be000 rw-p 00019000 08:11 527040                     /lib/x86_64-linux-gnu/libpthread-2.19.so
7fe5bc1be000-7fe5bc1c2000 rw-p 00000000 00:00 0 
7fe5bc1c2000-7fe5bc1e5000 r-xp 00000000 08:11 526896                     /lib/x86_64-linux-gnu/ld-2.19.so
7fe5bc1e5000-7fe5bc1ed000 rw-s 00000000 00:04 129080                     /drm mm object (deleted)
7fe5bc1ed000-7fe5bc1f1000 r--s 0001f000 08:21 393649                     /media/joritan/Workspace/library/jnlua-1.0.4/jnlua-1.0.4.jar
7fe5bc1f1000-7fe5bc210000 rw-p 00000000 00:00 0 
7fe5bc210000-7fe5bc2c6000 rw-p 00000000 00:00 0 
7fe5bc2c6000-7fe5bc2c9000 ---p 00000000 00:00 0 
7fe5bc2c9000-7fe5bc3cb000 rw-p 00000000 00:00 0                          [stack:7295]
7fe5bc3cb000-7fe5bc3cc000 rw-s 00000000 00:04 129081                     /drm mm object (deleted)
7fe5bc3cc000-7fe5bc3cd000 r--s 00001000 08:21 393644                     /media/joritan/Workspace/library/slf4j/slf4j-simple-1.6.3.jar
7fe5bc3cd000-7fe5bc3cf000 r--s 00005000 08:21 393643                     /media/joritan/Workspace/library/slf4j/slf4j-api-1.6.3.jar
7fe5bc3cf000-7fe5bc3d4000 r--s 00034000 08:21 393098                     /media/joritan/Workspace/library/jbox2d-2.1.2.2/jars/jbox2d-library-2.1.2.2.jar
7fe5bc3d4000-7fe5bc3d8000 r--s 00027000 08:21 391685                     /media/joritan/Workspace/library/lwjgl-2.9.1/jar/lwjgl_util.jar
7fe5bc3d8000-7fe5bc3e0000 rw-s 00000000 08:11 157185                     /tmp/hsperfdata_joritan/7290
7fe5bc3e0000-7fe5bc3e1000 rw-p 00000000 00:00 0 
7fe5bc3e1000-7fe5bc3e2000 r--p 00000000 00:00 0 
7fe5bc3e2000-7fe5bc3e4000 rw-p 00000000 00:00 0 
7fe5bc3e4000-7fe5bc3e5000 r--p 00022000 08:11 526896                     /lib/x86_64-linux-gnu/ld-2.19.so
7fe5bc3e5000-7fe5bc3e6000 rw-p 00023000 08:11 526896                     /lib/x86_64-linux-gnu/ld-2.19.so
7fe5bc3e6000-7fe5bc3e7000 rw-p 00000000 00:00 0 
7fff96db3000-7fff96dd4000 rw-p 00000000 00:00 0                          [stack]
7fff96dfe000-7fff96e00000 r-xp 00000000 00:00 0                          [vdso]
ffffffffff600000-ffffffffff601000 r-xp 00000000 00:00 0                  [vsyscall]

VM Arguments:
jvm_args: -Djava.library.path=/media/joritan/Workspace/library/lwjgl-2.9.1/native/linux:/media/joritan/Workspace/library/jnlua-1.0.4/src/main/c/Linux -Dfile.encoding=UTF-8 
java_command: net.lodoma.lime.client.start.ClientStart
Launcher Type: SUN_STANDARD

Environment Variables:
PATH=/usr/local/sbin:/usr/local/bin:/usr/sbin:/usr/bin:/sbin:/bin:/usr/games:/usr/local/games
SHELL=/bin/bash
DISPLAY=:0

Signal Handlers:
SIGSEGV: [libjvm.so+0x99f4a0], sa_mask[0]=0x7ffbfeff, sa_flags=0x10000004
SIGBUS: [libjvm.so+0x99f4a0], sa_mask[0]=0x7ffbfeff, sa_flags=0x10000004
SIGFPE: [libjvm.so+0x81a860], sa_mask[0]=0x7ffbfeff, sa_flags=0x10000004
SIGPIPE: [libjvm.so+0x81a860], sa_mask[0]=0x7ffbfeff, sa_flags=0x10000004
SIGXFSZ: [libjvm.so+0x81a860], sa_mask[0]=0x7ffbfeff, sa_flags=0x10000004
SIGILL: [libjvm.so+0x81a860], sa_mask[0]=0x7ffbfeff, sa_flags=0x10000004
SIGUSR1: SIG_DFL, sa_mask[0]=0x00000000, sa_flags=0x00000000
SIGUSR2: [libjvm.so+0x81c060], sa_mask[0]=0x00000004, sa_flags=0x10000004
SIGHUP: [libjvm.so+0x81d160], sa_mask[0]=0x7ffbfeff, sa_flags=0x10000004
SIGINT: [libjvm.so+0x81d160], sa_mask[0]=0x7ffbfeff, sa_flags=0x10000004
SIGTERM: [libjvm.so+0x81d160], sa_mask[0]=0x7ffbfeff, sa_flags=0x10000004
SIGQUIT: [libjvm.so+0x81d160], sa_mask[0]=0x7ffbfeff, sa_flags=0x10000004


---------------  S Y S T E M  ---------------

OS:jessie/sid

uname:Linux 3.13.0-32-generic #57-Ubuntu SMP Tue Jul 15 03:51:08 UTC 2014 x86_64
libc:glibc 2.19 NPTL 2.19 
rlimit: STACK 8192k, CORE 0k, NPROC 30751, NOFILE 4096, AS infinity
load average:1,67 1,24 1,01

/proc/meminfo:
MemTotal:        3957792 kB
MemFree:          319044 kB
Buffers:           51264 kB
Cached:          1366072 kB
SwapCached:            0 kB
Active:          2428948 kB
Inactive:         997656 kB
Active(anon):    1953156 kB
Inactive(anon):   475504 kB
Active(file):     475792 kB
Inactive(file):   522152 kB
Unevictable:          48 kB
Mlocked:              48 kB
SwapTotal:      15160312 kB
SwapFree:       15160312 kB
Dirty:               344 kB
Writeback:             0 kB
AnonPages:       2009660 kB
Mapped:           357660 kB
Shmem:            419272 kB
Slab:              89016 kB
SReclaimable:      49148 kB
SUnreclaim:        39868 kB
KernelStack:        5200 kB
PageTables:        39228 kB
NFS_Unstable:          0 kB
Bounce:                0 kB
WritebackTmp:          0 kB
CommitLimit:    17139208 kB
Committed_AS:    6233732 kB
VmallocTotal:   34359738367 kB
VmallocUsed:      402532 kB
VmallocChunk:   34359323644 kB
HardwareCorrupted:     0 kB
AnonHugePages:    669696 kB
HugePages_Total:       0
HugePages_Free:        0
HugePages_Rsvd:        0
HugePages_Surp:        0
Hugepagesize:       2048 kB
DirectMap4k:      125216 kB
DirectMap2M:     2930688 kB
DirectMap1G:     1048576 kB


CPU:total 8 (4 cores per cpu, 2 threads per core) family 6 model 60 stepping 3, cmov, cx8, fxsr, mmx, sse, sse2, sse3, ssse3, sse4.1, sse4.2, popcnt, avx, avx2, aes, erms, ht, tsc, tscinvbit

/proc/cpuinfo:
processor	: 0
vendor_id	: GenuineIntel
cpu family	: 6
model		: 60
model name	: Intel(R) Core(TM) i7-4700MQ CPU @ 2.40GHz
stepping	: 3
microcode	: 0x16
cpu MHz		: 2401.000
cache size	: 6144 KB
physical id	: 0
siblings	: 8
core id		: 0
cpu cores	: 4
apicid		: 0
initial apicid	: 0
fpu		: yes
fpu_exception	: yes
cpuid level	: 13
wp		: yes
flags		: fpu vme de pse tsc msr pae mce cx8 apic sep mtrr pge mca cmov pat pse36 clflush dts acpi mmx fxsr sse sse2 ss ht tm pbe syscall nx pdpe1gb rdtscp lm constant_tsc arch_perfmon pebs bts rep_good nopl xtopology nonstop_tsc aperfmperf eagerfpu pni pclmulqdq dtes64 monitor ds_cpl vmx est tm2 ssse3 fma cx16 xtpr pdcm pcid sse4_1 sse4_2 movbe popcnt tsc_deadline_timer aes xsave avx f16c rdrand lahf_lm abm ida arat epb xsaveopt pln pts dtherm tpr_shadow vnmi flexpriority ept vpid fsgsbase tsc_adjust bmi1 avx2 smep bmi2 erms invpcid
bogomips	: 4788.77
clflush size	: 64
cache_alignment	: 64
address sizes	: 39 bits physical, 48 bits virtual
power management:

processor	: 1
vendor_id	: GenuineIntel
cpu family	: 6
model		: 60
model name	: Intel(R) Core(TM) i7-4700MQ CPU @ 2.40GHz
stepping	: 3
microcode	: 0x16
cpu MHz		: 800.000
cache size	: 6144 KB
physical id	: 0
siblings	: 8
core id		: 1
cpu cores	: 4
apicid		: 2
initial apicid	: 2
fpu		: yes
fpu_exception	: yes
cpuid level	: 13
wp		: yes
flags		: fpu vme de pse tsc msr pae mce cx8 apic sep mtrr pge mca cmov pat pse36 clflush dts acpi mmx fxsr sse sse2 ss ht tm pbe syscall nx pdpe1gb rdtscp lm constant_tsc arch_perfmon pebs bts rep_good nopl xtopology nonstop_tsc aperfmperf eagerfpu pni pclmulqdq dtes64 monitor ds_cpl vmx est tm2 ssse3 fma cx16 xtpr pdcm pcid sse4_1 sse4_2 movbe popcnt tsc_deadline_timer aes xsave avx f16c rdrand lahf_lm abm ida arat epb xsaveopt pln pts dtherm tpr_shadow vnmi flexpriority ept vpid fsgsbase tsc_adjust bmi1 avx2 smep bmi2 erms invpcid
bogomips	: 4788.77
clflush size	: 64
cache_alignment	: 64
address sizes	: 39 bits physical, 48 bits virtual
power management:

processor	: 2
vendor_id	: GenuineIntel
cpu family	: 6
model		: 60
model name	: Intel(R) Core(TM) i7-4700MQ CPU @ 2.40GHz
stepping	: 3
microcode	: 0x16
cpu MHz		: 2401.000
cache size	: 6144 KB
physical id	: 0
siblings	: 8
core id		: 2
cpu cores	: 4
apicid		: 4
initial apicid	: 4
fpu		: yes
fpu_exception	: yes
cpuid level	: 13
wp		: yes
flags		: fpu vme de pse tsc msr pae mce cx8 apic sep mtrr pge mca cmov pat pse36 clflush dts acpi mmx fxsr sse sse2 ss ht tm pbe syscall nx pdpe1gb rdtscp lm constant_tsc arch_perfmon pebs bts rep_good nopl xtopology nonstop_tsc aperfmperf eagerfpu pni pclmulqdq dtes64 monitor ds_cpl vmx est tm2 ssse3 fma cx16 xtpr pdcm pcid sse4_1 sse4_2 movbe popcnt tsc_deadline_timer aes xsave avx f16c rdrand lahf_lm abm ida arat epb xsaveopt pln pts dtherm tpr_shadow vnmi flexpriority ept vpid fsgsbase tsc_adjust bmi1 avx2 smep bmi2 erms invpcid
bogomips	: 4788.77
clflush size	: 64
cache_alignment	: 64
address sizes	: 39 bits physical, 48 bits virtual
power management:

processor	: 3
vendor_id	: GenuineIntel
cpu family	: 6
model		: 60
model name	: Intel(R) Core(TM) i7-4700MQ CPU @ 2.40GHz
stepping	: 3
microcode	: 0x16
cpu MHz		: 2401.000
cache size	: 6144 KB
physical id	: 0
siblings	: 8
core id		: 3
cpu cores	: 4
apicid		: 6
initial apicid	: 6
fpu		: yes
fpu_exception	: yes
cpuid level	: 13
wp		: yes
flags		: fpu vme de pse tsc msr pae mce cx8 apic sep mtrr pge mca cmov pat pse36 clflush dts acpi mmx fxsr sse sse2 ss ht tm pbe syscall nx pdpe1gb rdtscp lm constant_tsc arch_perfmon pebs bts rep_good nopl xtopology nonstop_tsc aperfmperf eagerfpu pni pclmulqdq dtes64 monitor ds_cpl vmx est tm2 ssse3 fma cx16 xtpr pdcm pcid sse4_1 sse4_2 movbe popcnt tsc_deadline_timer aes xsave avx f16c rdrand lahf_lm abm ida arat epb xsaveopt pln pts dtherm tpr_shadow vnmi flexpriority ept vpid fsgsbase tsc_adjust bmi1 avx2 smep bmi2 erms invpcid
bogomips	: 4788.77
clflush size	: 64
cache_alignment	: 64
address sizes	: 39 bits physical, 48 bits virtual
power management:

processor	: 4
vendor_id	: GenuineIntel
cpu family	: 6
model		: 60
model name	: Intel(R) Core(TM) i7-4700MQ CPU @ 2.40GHz
stepping	: 3
microcode	: 0x16
cpu MHz		: 800.000
cache size	: 6144 KB
physical id	: 0
siblings	: 8
core id		: 0
cpu cores	: 4
apicid		: 1
initial apicid	: 1
fpu		: yes
fpu_exception	: yes
cpuid level	: 13
wp		: yes
flags		: fpu vme de pse tsc msr pae mce cx8 apic sep mtrr pge mca cmov pat pse36 clflush dts acpi mmx fxsr sse sse2 ss ht tm pbe syscall nx pdpe1gb rdtscp lm constant_tsc arch_perfmon pebs bts rep_good nopl xtopology nonstop_tsc aperfmperf eagerfpu pni pclmulqdq dtes64 monitor ds_cpl vmx est tm2 ssse3 fma cx16 xtpr pdcm pcid sse4_1 sse4_2 movbe popcnt tsc_deadline_timer aes xsave avx f16c rdrand lahf_lm abm ida arat epb xsaveopt pln pts dtherm tpr_shadow vnmi flexpriority ept vpid fsgsbase tsc_adjust bmi1 avx2 smep bmi2 erms invpcid
bogomips	: 4788.77
clflush size	: 64
cache_alignment	: 64
address sizes	: 39 bits physical, 48 bits virtual
power management:

processor	: 5
vendor_id	: GenuineIntel
cpu family	: 6
model		: 60
model name	: Intel(R) Core(TM) i7-4700MQ CPU @ 2.40GHz
stepping	: 3
microcode	: 0x16
cpu MHz		: 800.000
cache size	: 6144 KB
physical id	: 0
siblings	: 8
core id		: 1
cpu cores	: 4
apicid		: 3
initial apicid	: 3
fpu		: yes
fpu_exception	: yes
cpuid level	: 13
wp		: yes
flags		: fpu vme de pse tsc msr pae mce cx8 apic sep mtrr pge mca cmov pat pse36 clflush dts acpi mmx fxsr sse sse2 ss ht tm pbe syscall nx pdpe1gb rdtscp lm constant_tsc arch_perfmon pebs bts rep_good nopl xtopology nonstop_tsc aperfmperf eagerfpu pni pclmulqdq dtes64 monitor ds_cpl vmx est tm2 ssse3 fma cx16 xtpr pdcm pcid sse4_1 sse4_2 movbe popcnt tsc_deadline_timer aes xsave avx f16c rdrand lahf_lm abm ida arat epb xsaveopt pln pts dtherm tpr_shadow vnmi flexpriority ept vpid fsgsbase tsc_adjust bmi1 avx2 smep bmi2 erms invpcid
bogomips	: 4788.77
clflush size	: 64
cache_alignment	: 64
address sizes	: 39 bits physical, 48 bits virtual
power management:

processor	: 6
vendor_id	: GenuineIntel
cpu family	: 6
model		: 60
model name	: Intel(R) Core(TM) i7-4700MQ CPU @ 2.40GHz
stepping	: 3
microcode	: 0x16
cpu MHz		: 800.000
cache size	: 6144 KB
physical id	: 0
siblings	: 8
core id		: 2
cpu cores	: 4
apicid		: 5
initial apicid	: 5
fpu		: yes
fpu_exception	: yes
cpuid level	: 13
wp		: yes
flags		: fpu vme de pse tsc msr pae mce cx8 apic sep mtrr pge mca cmov pat pse36 clflush dts acpi mmx fxsr sse sse2 ss ht tm pbe syscall nx pdpe1gb rdtscp lm constant_tsc arch_perfmon pebs bts rep_good nopl xtopology nonstop_tsc aperfmperf eagerfpu pni pclmulqdq dtes64 monitor ds_cpl vmx est tm2 ssse3 fma cx16 xtpr pdcm pcid sse4_1 sse4_2 movbe popcnt tsc_deadline_timer aes xsave avx f16c rdrand lahf_lm abm ida arat epb xsaveopt pln pts dtherm tpr_shadow vnmi flexpriority ept vpid fsgsbase tsc_adjust bmi1 avx2 smep bmi2 erms invpcid
bogomips	: 4788.77
clflush size	: 64
cache_alignment	: 64
address sizes	: 39 bits physical, 48 bits virtual
power management:

processor	: 7
vendor_id	: GenuineIntel
cpu family	: 6
model		: 60
model name	: Intel(R) Core(TM) i7-4700MQ CPU @ 2.40GHz
stepping	: 3
microcode	: 0x16
cpu MHz		: 800.000
cache size	: 6144 KB
physical id	: 0
siblings	: 8
core id		: 3
cpu cores	: 4
apicid		: 7
initial apicid	: 7
fpu		: yes
fpu_exception	: yes
cpuid level	: 13
wp		: yes
flags		: fpu vme de pse tsc msr pae mce cx8 apic sep mtrr pge mca cmov pat pse36 clflush dts acpi mmx fxsr sse sse2 ss ht tm pbe syscall nx pdpe1gb rdtscp lm constant_tsc arch_perfmon pebs bts rep_good nopl xtopology nonstop_tsc aperfmperf eagerfpu pni pclmulqdq dtes64 monitor ds_cpl vmx est tm2 ssse3 fma cx16 xtpr pdcm pcid sse4_1 sse4_2 movbe popcnt tsc_deadline_timer aes xsave avx f16c rdrand lahf_lm abm ida arat epb xsaveopt pln pts dtherm tpr_shadow vnmi flexpriority ept vpid fsgsbase tsc_adjust bmi1 avx2 smep bmi2 erms invpcid
bogomips	: 4788.77
clflush size	: 64
cache_alignment	: 64
address sizes	: 39 bits physical, 48 bits virtual
power management:



Memory: 4k page, physical 3957792k(319044k free), swap 15160312k(15160312k free)

vm_info: Java HotSpot(TM) 64-Bit Server VM (24.65-b04) for linux-amd64 JRE (1.7.0_65-b17), built on Jun 16 2014 20:55:34 by "java_re" with gcc 4.3.0 20080428 (Red Hat 4.3.0-8)

time: Mon Jul 21 14:01:51 2014
elapsed time: 1 seconds

